{"uid":"7d4044701f90a0d7","name":"Test Event Vote Logs","fullName":"test_cases.test_agent_functions.TestAgentFunctionExecution#test_event_vote_logs","historyId":"b479afaeccaeb0b2b306544ea95f6f33","time":{"start":1727148732943,"stop":1727148733146,"duration":203},"status":"failed","statusMessage":"AssertionError: No successful 'voteEvent' log found | Failed Logs: None","statusTrace":"logs = [], function_name = 'voteOnProposal', trigger_type = 'EVENT'\nmessage = \"No successful 'voteEvent' log found\"\n\n    def assert_successful_log(logs, function_name, trigger_type, message):\n        try:\n>           assert any(\n                log[\"functionName\"] == function_name\n                and log[\"triggerType\"] == trigger_type\n                and log[\"status\"] is True\n                and log[\"success\"] is True\n                for log in logs\n            ), message\nE           AssertionError: No successful 'voteEvent' log found\nE           assert False\nE            +  where False = any(<generator object assert_successful_log.<locals>.<genexpr> at 0x7f15dc161d20>)\n\ntest_cases/test_agent_functions.py:6: AssertionError\n\nDuring handling of the above exception, another exception occurred:\n\nself = <test_cases.test_agent_functions.TestAgentFunctionExecution object at 0x7f15dcb1ec00>\nrun_admin_agent_fixture = <Response [200]>\nautonomous_agent_api = <lib.autonomous_agent_api.AutonomousAgentApi object at 0x7f15dd654e60>\n\n    @allure.sub_suite(\"EVENT\")\n    @allure.title(\"Test Event Vote Logs\")\n    @allure.feature(\"Vote Event Function\")\n    def test_event_vote_logs(self, run_admin_agent_fixture, autonomous_agent_api):\n        agent_id = run_admin_agent_fixture.json().get(\"id\")\n        logs = (\n            autonomous_agent_api.get_trigger_history(\n                param=\"?agent_id=\" + str(agent_id) + \"&functionName=voteOnProposal\"\n            )\n            .json()\n            .get(\"items\")\n        )\n>       assert_successful_log(\n            logs,\n            function_name=\"voteOnProposal\",\n            trigger_type=\"EVENT\",\n            message=\"No successful 'voteEvent' log found\",\n        )\n\ntest_cases/test_agent_functions.py:90: \n_ _ _ _ _ _ _ _ _ _ _ _ _ _ _ _ _ _ _ _ _ _ _ _ _ _ _ _ _ _ _ _ _ _ _ _ _ _ _ _ \n\nlogs = [], function_name = 'voteOnProposal', trigger_type = 'EVENT'\nmessage = \"No successful 'voteEvent' log found\"\n\n    def assert_successful_log(logs, function_name, trigger_type, message):\n        try:\n            assert any(\n                log[\"functionName\"] == function_name\n                and log[\"triggerType\"] == trigger_type\n                and log[\"status\"] is True\n                and log[\"success\"] is True\n                for log in logs\n            ), message\n        except AssertionError:\n            failed_logs = [log for log in logs if log[\"functionName\"] == function_name]\n    \n            if failed_logs:\n                allure.attach(\n                    str(failed_logs),\n                    name=\"Filtered Logs with Matching Function Name\",\n                    attachment_type=allure.attachment_type.JSON,\n                )\n            else:\n                allure.attach(\n                    \"No log found with the given parameters.\",\n                    name=\"No Matching Logs\",\n                    attachment_type=allure.attachment_type.TEXT,\n                )\n>           raise AssertionError(\n                f\"{message} | Failed Logs: {failed_logs if failed_logs else 'None'}\"\n            )\nE           AssertionError: No successful 'voteEvent' log found | Failed Logs: None\n\ntest_cases/test_agent_functions.py:28: AssertionError","flaky":false,"newFailed":false,"newBroken":false,"newPassed":false,"retriesCount":0,"retriesStatusChange":false,"beforeStages":[{"name":"autonomous_agent_api","time":{"start":1727148245441,"stop":1727148245441,"duration":0},"status":"passed","steps":[],"attachments":[],"parameters":[],"shouldDisplayMessage":false,"stepsCount":0,"attachmentsCount":0,"hasContent":false},{"name":"admin_login_response","time":{"start":1727148246011,"stop":1727148246129,"duration":118},"status":"passed","steps":[],"attachments":[],"parameters":[],"shouldDisplayMessage":false,"stepsCount":0,"attachmentsCount":0,"hasContent":false},{"name":"admin_login_cookie","time":{"start":1727148246129,"stop":1727148246129,"duration":0},"status":"passed","steps":[],"attachments":[],"parameters":[],"shouldDisplayMessage":false,"stepsCount":0,"attachmentsCount":0,"hasContent":false},{"name":"create_template_fixture","time":{"start":1727148246130,"stop":1727148246253,"duration":123},"status":"passed","steps":[],"attachments":[],"parameters":[],"shouldDisplayMessage":false,"stepsCount":0,"attachmentsCount":0,"hasContent":false},{"name":"edit_template_fixture","time":{"start":1727148246253,"stop":1727148246384,"duration":131},"status":"passed","steps":[],"attachments":[],"parameters":[],"shouldDisplayMessage":false,"stepsCount":0,"attachmentsCount":0,"hasContent":false},{"name":"create_admin_agent_fixture","time":{"start":1727148246384,"stop":1727148246525,"duration":141},"status":"passed","steps":[],"attachments":[],"parameters":[],"shouldDisplayMessage":false,"stepsCount":0,"attachmentsCount":0,"hasContent":false},{"name":"edit_admin_agent_fixture","time":{"start":1727148246865,"stop":1727148247007,"duration":142},"status":"passed","steps":[],"attachments":[],"parameters":[],"shouldDisplayMessage":false,"stepsCount":0,"attachmentsCount":0,"hasContent":false},{"name":"load_funds_to_agent_address","time":{"start":1727148247009,"stop":1727148368027,"duration":121018},"status":"passed","steps":[],"attachments":[],"parameters":[],"shouldDisplayMessage":false,"stepsCount":0,"attachmentsCount":0,"hasContent":false},{"name":"run_admin_agent_fixture","time":{"start":1727148368028,"stop":1727148731967,"duration":363939},"status":"passed","steps":[],"attachments":[],"parameters":[],"shouldDisplayMessage":false,"stepsCount":0,"attachmentsCount":0,"hasContent":false}],"testStage":{"status":"failed","statusMessage":"AssertionError: No successful 'voteEvent' log found | Failed Logs: None","statusTrace":"logs = [], function_name = 'voteOnProposal', trigger_type = 'EVENT'\nmessage = \"No successful 'voteEvent' log found\"\n\n    def assert_successful_log(logs, function_name, trigger_type, message):\n        try:\n>           assert any(\n                log[\"functionName\"] == function_name\n                and log[\"triggerType\"] == trigger_type\n                and log[\"status\"] is True\n                and log[\"success\"] is True\n                for log in logs\n            ), message\nE           AssertionError: No successful 'voteEvent' log found\nE           assert False\nE            +  where False = any(<generator object assert_successful_log.<locals>.<genexpr> at 0x7f15dc161d20>)\n\ntest_cases/test_agent_functions.py:6: AssertionError\n\nDuring handling of the above exception, another exception occurred:\n\nself = <test_cases.test_agent_functions.TestAgentFunctionExecution object at 0x7f15dcb1ec00>\nrun_admin_agent_fixture = <Response [200]>\nautonomous_agent_api = <lib.autonomous_agent_api.AutonomousAgentApi object at 0x7f15dd654e60>\n\n    @allure.sub_suite(\"EVENT\")\n    @allure.title(\"Test Event Vote Logs\")\n    @allure.feature(\"Vote Event Function\")\n    def test_event_vote_logs(self, run_admin_agent_fixture, autonomous_agent_api):\n        agent_id = run_admin_agent_fixture.json().get(\"id\")\n        logs = (\n            autonomous_agent_api.get_trigger_history(\n                param=\"?agent_id=\" + str(agent_id) + \"&functionName=voteOnProposal\"\n            )\n            .json()\n            .get(\"items\")\n        )\n>       assert_successful_log(\n            logs,\n            function_name=\"voteOnProposal\",\n            trigger_type=\"EVENT\",\n            message=\"No successful 'voteEvent' log found\",\n        )\n\ntest_cases/test_agent_functions.py:90: \n_ _ _ _ _ _ _ _ _ _ _ _ _ _ _ _ _ _ _ _ _ _ _ _ _ _ _ _ _ _ _ _ _ _ _ _ _ _ _ _ \n\nlogs = [], function_name = 'voteOnProposal', trigger_type = 'EVENT'\nmessage = \"No successful 'voteEvent' log found\"\n\n    def assert_successful_log(logs, function_name, trigger_type, message):\n        try:\n            assert any(\n                log[\"functionName\"] == function_name\n                and log[\"triggerType\"] == trigger_type\n                and log[\"status\"] is True\n                and log[\"success\"] is True\n                for log in logs\n            ), message\n        except AssertionError:\n            failed_logs = [log for log in logs if log[\"functionName\"] == function_name]\n    \n            if failed_logs:\n                allure.attach(\n                    str(failed_logs),\n                    name=\"Filtered Logs with Matching Function Name\",\n                    attachment_type=allure.attachment_type.JSON,\n                )\n            else:\n                allure.attach(\n                    \"No log found with the given parameters.\",\n                    name=\"No Matching Logs\",\n                    attachment_type=allure.attachment_type.TEXT,\n                )\n>           raise AssertionError(\n                f\"{message} | Failed Logs: {failed_logs if failed_logs else 'None'}\"\n            )\nE           AssertionError: No successful 'voteEvent' log found | Failed Logs: None\n\ntest_cases/test_agent_functions.py:28: AssertionError","steps":[],"attachments":[{"uid":"a1fea1b8db50ad51","name":"No Matching Logs","source":"a1fea1b8db50ad51.txt","type":"text/plain","size":39}],"parameters":[],"shouldDisplayMessage":true,"stepsCount":0,"attachmentsCount":1,"hasContent":true},"afterStages":[{"name":"autonomous_agent_api::0","time":{"start":1727148733877,"stop":1727148733877,"duration":0},"status":"passed","steps":[],"attachments":[],"parameters":[],"shouldDisplayMessage":false,"stepsCount":0,"attachmentsCount":0,"hasContent":false}],"labels":[{"name":"subSuite","value":"EVENT"},{"name":"feature","value":"Vote Event Function"},{"name":"parentSuite","value":"Agent Function Execution"},{"name":"suite","value":"test_agent_functions"},{"name":"host","value":"fv-az1446-650"},{"name":"thread","value":"1985-MainThread"},{"name":"framework","value":"pytest"},{"name":"language","value":"cpython3"},{"name":"package","value":"test_cases.test_agent_functions"},{"name":"resultFormat","value":"allure2"}],"parameters":[],"links":[],"hidden":false,"retry":false,"extra":{"severity":"normal","retries":[],"categories":[{"name":"Product defects","matchedStatuses":[],"flaky":false}],"history":{"statistic":{"failed":21,"broken":0,"skipped":0,"passed":13,"unknown":0,"total":34},"items":[{"uid":"862a4a22da1537fc","reportUrl":"https://cardanoapi.github.io/autonomous-agents/test_backend_allure_report/34//#testresult/862a4a22da1537fc","status":"failed","statusDetails":"AssertionError: Expected GET /trigger-history to succeed but got statusCode: 500 : body: <html>\r\n<head><title>500 Internal Server Error</title></head>\r\n<body>\r\n<center><h1>500 Internal Server Error</h1></center>\r\n<hr><center>nginx/1.23.2</center>\r\n</body>\r\n</html>","time":{"start":1727088033942,"stop":1727088034307,"duration":365}},{"uid":"e64c174a14c6d1d2","reportUrl":"https://cardanoapi.github.io/autonomous-agents/test_backend_allure_report/33//#testresult/e64c174a14c6d1d2","status":"failed","statusDetails":"AssertionError: Expected POST /templates to succeed but got statusCode: 403 : body: \"Forbidden Request\"","time":{"start":1726811571643,"stop":1726811571643,"duration":0}},{"uid":"c2237c532f28a240","reportUrl":"https://cardanoapi.github.io/autonomous-agents/test_backend_allure_report/32//#testresult/c2237c532f28a240","status":"failed","statusDetails":"AssertionError: Expected POST /templates to succeed but got statusCode: 403 : body: \"Forbidden Request\"","time":{"start":1726738987781,"stop":1726738987781,"duration":0}},{"uid":"6e0f95324875fb29","reportUrl":"https://cardanoapi.github.io/autonomous-agents/test_backend_allure_report/31//#testresult/6e0f95324875fb29","status":"failed","statusDetails":"AssertionError: Expected POST /templates to succeed but got statusCode: 403 : body: \"Forbidden Request\"","time":{"start":1726730682634,"stop":1726730682634,"duration":0}},{"uid":"63b8dc8337513f55","reportUrl":"https://cardanoapi.github.io/autonomous-agents/test_backend_allure_report/30//#testresult/63b8dc8337513f55","status":"passed","time":{"start":1726730663932,"stop":1726730664165,"duration":233}},{"uid":"f0b812c32042d35e","reportUrl":"https://cardanoapi.github.io/autonomous-agents/test_backend_allure_report/29//#testresult/f0b812c32042d35e","status":"passed","time":{"start":1726655638283,"stop":1726655638523,"duration":240}},{"uid":"7d65815907a040d8","reportUrl":"https://cardanoapi.github.io/autonomous-agents/test_backend_allure_report/28//#testresult/7d65815907a040d8","status":"passed","time":{"start":1726572394314,"stop":1726572394623,"duration":309}},{"uid":"8f7444fed641fae4","reportUrl":"https://cardanoapi.github.io/autonomous-agents/test_backend_allure_report/27//#testresult/8f7444fed641fae4","status":"passed","time":{"start":1726571193681,"stop":1726571193915,"duration":234}},{"uid":"cc132a97b9af12a6","reportUrl":"https://cardanoapi.github.io/autonomous-agents/test_backend_allure_report/26//#testresult/cc132a97b9af12a6","status":"failed","statusDetails":"AssertionError: No successful 'voteEvent' log found | Failed Logs: None","time":{"start":1726555653466,"stop":1726555653719,"duration":253}},{"uid":"1c0ff00be3bd4159","reportUrl":"https://cardanoapi.github.io/autonomous-agents/test_backend_allure_report/25//#testresult/1c0ff00be3bd4159","status":"failed","statusDetails":"AssertionError: No successful 'voteEvent' log found | Failed Logs: None","time":{"start":1726554684173,"stop":1726554684465,"duration":292}},{"uid":"cb21bad41af78b8e","reportUrl":"https://cardanoapi.github.io/autonomous-agents/test_backend_allure_report/24//#testresult/cb21bad41af78b8e","status":"passed","time":{"start":1726552150044,"stop":1726552150319,"duration":275}},{"uid":"f7c13d94199f8af1","reportUrl":"https://cardanoapi.github.io/autonomous-agents/test_backend_allure_report/23//#testresult/f7c13d94199f8af1","status":"passed","time":{"start":1726475580238,"stop":1726475580544,"duration":306}},{"uid":"2385d0f1bb4cf79f","reportUrl":"https://cardanoapi.github.io/autonomous-agents/test_backend_allure_report/22//#testresult/2385d0f1bb4cf79f","status":"failed","statusDetails":"AssertionError: No successful 'voteEvent' log found | Failed Logs: None","time":{"start":1726461466088,"stop":1726461466345,"duration":257}},{"uid":"803db4dbaf8e5d20","reportUrl":"https://cardanoapi.github.io/autonomous-agents/test_backend_allure_report/19//#testresult/803db4dbaf8e5d20","status":"failed","statusDetails":"AssertionError: Expected PUT /agents/0016a154-7e9f-4729-a27d-fce73da9fdbc to succeed but got statusCode: 500 : body: Traceback (most recent call last):\n  File \"/usr/local/lib/python3.12/site-packages/starlette/middleware/errors.py\", line 162, in __call__\n    await self.app(scope, receive, _send)\n  File \"/usr/local/lib/python3.12/site-packages/starlette/middleware/cors.py\", line 83, in __call__\n    await self.app(scope, receive, send)\n  File \"/usr/local/lib/python3.12/site-packages/starlette/middleware/exceptions.py\", line 79, in __call__\n    raise exc\n  File \"/usr/local/lib/python3.12/site-packages/starlette/middleware/exceptions.py\", line 68, in __call__\n    await self.app(scope, receive, sender)\n  File \"/usr/local/lib/python3.12/site-packages/fastapi/middleware/asyncexitstack.py\", line 20, in __call__\n    raise e\n  File \"/usr/local/lib/python3.12/site-packages/fastapi/middleware/asyncexitstack.py\", line 17, in __call__\n    await self.app(scope, receive, send)\n  File \"/usr/local/lib/python3.12/site-packages/starlette/routing.py\", line 718, in __call__\n    await route.handle(scope, receive, send)\n  File \"/usr/local/lib/python3.12/site-packages/starlette/routing.py\", line 276, in handle\n    await self.app(scope, receive, send)\n  File \"/usr/local/lib/python3.12/site-packages/starlette/routing.py\", line 66, in app\n    response = await func(request)\n               ^^^^^^^^^^^^^^^^^^^\n  File \"/usr/local/lib/python3.12/site-packages/fastapi/routing.py\", line 241, in app\n    raw_response = await run_endpoint_function(\n                   ^^^^^^^^^^^^^^^^^^^^^^^^^^^^\n  File \"/usr/local/lib/python3.12/site-packages/fastapi/routing.py\", line 167, in run_endpoint_function\n    return await dependant.call(**values)\n           ^^^^^^^^^^^^^^^^^^^^^^^^^^^^^^\n  File \"/api/backend/backend/app/controllers/agent_router.py\", line 48, in update_agent\n    updated_agent = await self.agent_service.update_agent(agent_id, agent_data, userAddress=user.address)\n                    ^^^^^^^^^^^^^^^^^^^^^^^^^^^^^^^^^^^^^^^^^^^^^^^^^^^^^^^^^^^^^^^^^^^^^^^^^^^^^^^^^^^^^\n  File \"/api/backend/backend/app/services/agent_service.py\", line 100, in update_agent\n    if existing_agent.instance < agent_data.instance:\n       ^^^^^^^^^^^^^^^^^^^^^^^^^^^^^^^^^^^^^^^^^^^^^\nTypeError: '<' not supported between instances of 'int' and 'NoneType'","time":{"start":1726056110368,"stop":1726056110368,"duration":0}},{"uid":"222a24e96582bdef","reportUrl":"https://cardanoapi.github.io/autonomous-agents/test_backend_allure_report/18//#testresult/222a24e96582bdef","status":"failed","statusDetails":"AssertionError: Expected PUT /agents/52ee8252-01f5-427b-9777-842bdbc37d18 to succeed but got statusCode: 500 : body: Traceback (most recent call last):\n  File \"/usr/local/lib/python3.12/site-packages/starlette/middleware/errors.py\", line 162, in __call__\n    await self.app(scope, receive, _send)\n  File \"/usr/local/lib/python3.12/site-packages/starlette/middleware/cors.py\", line 83, in __call__\n    await self.app(scope, receive, send)\n  File \"/usr/local/lib/python3.12/site-packages/starlette/middleware/exceptions.py\", line 79, in __call__\n    raise exc\n  File \"/usr/local/lib/python3.12/site-packages/starlette/middleware/exceptions.py\", line 68, in __call__\n    await self.app(scope, receive, sender)\n  File \"/usr/local/lib/python3.12/site-packages/fastapi/middleware/asyncexitstack.py\", line 20, in __call__\n    raise e\n  File \"/usr/local/lib/python3.12/site-packages/fastapi/middleware/asyncexitstack.py\", line 17, in __call__\n    await self.app(scope, receive, send)\n  File \"/usr/local/lib/python3.12/site-packages/starlette/routing.py\", line 718, in __call__\n    await route.handle(scope, receive, send)\n  File \"/usr/local/lib/python3.12/site-packages/starlette/routing.py\", line 276, in handle\n    await self.app(scope, receive, send)\n  File \"/usr/local/lib/python3.12/site-packages/starlette/routing.py\", line 66, in app\n    response = await func(request)\n               ^^^^^^^^^^^^^^^^^^^\n  File \"/usr/local/lib/python3.12/site-packages/fastapi/routing.py\", line 241, in app\n    raw_response = await run_endpoint_function(\n                   ^^^^^^^^^^^^^^^^^^^^^^^^^^^^\n  File \"/usr/local/lib/python3.12/site-packages/fastapi/routing.py\", line 167, in run_endpoint_function\n    return await dependant.call(**values)\n           ^^^^^^^^^^^^^^^^^^^^^^^^^^^^^^\n  File \"/api/backend/backend/app/controllers/agent_router.py\", line 48, in update_agent\n    updated_agent = await self.agent_service.update_agent(agent_id, agent_data, userAddress=user.address)\n                    ^^^^^^^^^^^^^^^^^^^^^^^^^^^^^^^^^^^^^^^^^^^^^^^^^^^^^^^^^^^^^^^^^^^^^^^^^^^^^^^^^^^^^\n  File \"/api/backend/backend/app/services/agent_service.py\", line 100, in update_agent\n    if existing_agent.instance < agent_data.instance:\n       ^^^^^^^^^^^^^^^^^^^^^^^^^^^^^^^^^^^^^^^^^^^^^\nTypeError: '<' not supported between instances of 'int' and 'NoneType'","time":{"start":1726051674615,"stop":1726051674615,"duration":0}},{"uid":"e29cc00eda7bea2a","reportUrl":"https://cardanoapi.github.io/autonomous-agents/test_backend_allure_report/17//#testresult/e29cc00eda7bea2a","status":"failed","statusDetails":"AssertionError: Expected PUT /agents/bc73d298-36ba-42e2-b8ba-889292fd3a0f to succeed but got statusCode: 500 : body: Traceback (most recent call last):\n  File \"/usr/local/lib/python3.12/site-packages/starlette/middleware/errors.py\", line 162, in __call__\n    await self.app(scope, receive, _send)\n  File \"/usr/local/lib/python3.12/site-packages/starlette/middleware/cors.py\", line 83, in __call__\n    await self.app(scope, receive, send)\n  File \"/usr/local/lib/python3.12/site-packages/starlette/middleware/exceptions.py\", line 79, in __call__\n    raise exc\n  File \"/usr/local/lib/python3.12/site-packages/starlette/middleware/exceptions.py\", line 68, in __call__\n    await self.app(scope, receive, sender)\n  File \"/usr/local/lib/python3.12/site-packages/fastapi/middleware/asyncexitstack.py\", line 20, in __call__\n    raise e\n  File \"/usr/local/lib/python3.12/site-packages/fastapi/middleware/asyncexitstack.py\", line 17, in __call__\n    await self.app(scope, receive, send)\n  File \"/usr/local/lib/python3.12/site-packages/starlette/routing.py\", line 718, in __call__\n    await route.handle(scope, receive, send)\n  File \"/usr/local/lib/python3.12/site-packages/starlette/routing.py\", line 276, in handle\n    await self.app(scope, receive, send)\n  File \"/usr/local/lib/python3.12/site-packages/starlette/routing.py\", line 66, in app\n    response = await func(request)\n               ^^^^^^^^^^^^^^^^^^^\n  File \"/usr/local/lib/python3.12/site-packages/fastapi/routing.py\", line 241, in app\n    raw_response = await run_endpoint_function(\n                   ^^^^^^^^^^^^^^^^^^^^^^^^^^^^\n  File \"/usr/local/lib/python3.12/site-packages/fastapi/routing.py\", line 167, in run_endpoint_function\n    return await dependant.call(**values)\n           ^^^^^^^^^^^^^^^^^^^^^^^^^^^^^^\n  File \"/api/backend/backend/app/controllers/agent_router.py\", line 48, in update_agent\n    updated_agent = await self.agent_service.update_agent(agent_id, agent_data, userAddress=user.address)\n                    ^^^^^^^^^^^^^^^^^^^^^^^^^^^^^^^^^^^^^^^^^^^^^^^^^^^^^^^^^^^^^^^^^^^^^^^^^^^^^^^^^^^^^\n  File \"/api/backend/backend/app/services/agent_service.py\", line 96, in update_agent\n    existing_agent = await self.agent_repository.modify_agent(agent_id, agent_data)\n                     ^^^^^^^^^^^^^^^^^^^^^^^^^^^^^^^^^^^^^^^^^^^^^^^^^^^^^^^^^^^^^^\n  File \"/api/backend/backend/app/repositories/agent_repository.py\", line 80, in modify_agent\n    updated_agent = await self.db.prisma.agent.update(where={\"id\": agent_id}, data=updated_data)\n                    ^^^^^^^^^^^^^^^^^^^^^^^^^^^^^^^^^^^^^^^^^^^^^^^^^^^^^^^^^^^^^^^^^^^^^^^^^^^^\n  File \"/usr/local/lib/python3.12/site-packages/prisma/actions.py\", line 666, in update\n    resp = await self._client._execute(\n           ^^^^^^^^^^^^^^^^^^^^^^^^^^^^\n  File \"/usr/local/lib/python3.12/site-packages/prisma/_base_client.py\", line 533, in _execute\n    return await self._engine.query(builder.build(), tx_id=self._tx_id)\n           ^^^^^^^^^^^^^^^^^^^^^^^^^^^^^^^^^^^^^^^^^^^^^^^^^^^^^^^^^^^^\n  File \"/usr/local/lib/python3.12/site-packages/prisma/engine/_query.py\", line 404, in query\n    return await self.request(\n           ^^^^^^^^^^^^^^^^^^^\n  File \"/usr/local/lib/python3.12/site-packages/prisma/engine/_http.py\", line 233, in request\n    return self._process_response_data(data=data, response=response)\n           ^^^^^^^^^^^^^^^^^^^^^^^^^^^^^^^^^^^^^^^^^^^^^^^^^^^^^^^^^\n  File \"/usr/local/lib/python3.12/site-packages/prisma/engine/_http.py\", line 87, in _process_response_data\n    return utils.handle_response_errors(response, errors_data)\n           ^^^^^^^^^^^^^^^^^^^^^^^^^^^^^^^^^^^^^^^^^^^^^^^^^^^\n  File \"/usr/local/lib/python3.12/site-packages/prisma/engine/utils.py\", line 163, in handle_response_errors\n    raise prisma_errors.MissingRequiredValueError(error)\nprisma.errors.MissingRequiredValueError: Unable to match input value to any allowed input type for the field. Parse errors: [Unable to match input value to any allowed input type for the field. Parse errors: [`data.instance`: A value is required but not set, `data.instance`: A value is required but not set], Unable to match input value to any allowed input type for the field. Parse errors: [`data.instance`: A value is required but not set, `data.instance`: A value is required but not set]]","time":{"start":1726047884416,"stop":1726047884416,"duration":0}},{"uid":"7af6a59f2c499a68","reportUrl":"https://cardanoapi.github.io/autonomous-agents/test_backend_allure_report/16//#testresult/7af6a59f2c499a68","status":"failed","statusDetails":"AssertionError: Expected PUT /agents/e88495d5-40a1-4f1d-8d73-c8988548d179 to succeed but got statusCode: 500 : body: Traceback (most recent call last):\n  File \"/usr/local/lib/python3.12/site-packages/starlette/middleware/errors.py\", line 162, in __call__\n    await self.app(scope, receive, _send)\n  File \"/usr/local/lib/python3.12/site-packages/starlette/middleware/cors.py\", line 83, in __call__\n    await self.app(scope, receive, send)\n  File \"/usr/local/lib/python3.12/site-packages/starlette/middleware/exceptions.py\", line 79, in __call__\n    raise exc\n  File \"/usr/local/lib/python3.12/site-packages/starlette/middleware/exceptions.py\", line 68, in __call__\n    await self.app(scope, receive, sender)\n  File \"/usr/local/lib/python3.12/site-packages/fastapi/middleware/asyncexitstack.py\", line 20, in __call__\n    raise e\n  File \"/usr/local/lib/python3.12/site-packages/fastapi/middleware/asyncexitstack.py\", line 17, in __call__\n    await self.app(scope, receive, send)\n  File \"/usr/local/lib/python3.12/site-packages/starlette/routing.py\", line 718, in __call__\n    await route.handle(scope, receive, send)\n  File \"/usr/local/lib/python3.12/site-packages/starlette/routing.py\", line 276, in handle\n    await self.app(scope, receive, send)\n  File \"/usr/local/lib/python3.12/site-packages/starlette/routing.py\", line 66, in app\n    response = await func(request)\n               ^^^^^^^^^^^^^^^^^^^\n  File \"/usr/local/lib/python3.12/site-packages/fastapi/routing.py\", line 241, in app\n    raw_response = await run_endpoint_function(\n                   ^^^^^^^^^^^^^^^^^^^^^^^^^^^^\n  File \"/usr/local/lib/python3.12/site-packages/fastapi/routing.py\", line 167, in run_endpoint_function\n    return await dependant.call(**values)\n           ^^^^^^^^^^^^^^^^^^^^^^^^^^^^^^\n  File \"/api/backend/backend/app/controllers/agent_router.py\", line 48, in update_agent\n    updated_agent = await self.agent_service.update_agent(agent_id, agent_data, userAddress=user.address)\n                    ^^^^^^^^^^^^^^^^^^^^^^^^^^^^^^^^^^^^^^^^^^^^^^^^^^^^^^^^^^^^^^^^^^^^^^^^^^^^^^^^^^^^^\n  File \"/api/backend/backend/app/services/agent_service.py\", line 96, in update_agent\n    existing_agent = await self.agent_repository.modify_agent(agent_id, agent_data)\n                     ^^^^^^^^^^^^^^^^^^^^^^^^^^^^^^^^^^^^^^^^^^^^^^^^^^^^^^^^^^^^^^\n  File \"/api/backend/backend/app/repositories/agent_repository.py\", line 80, in modify_agent\n    updated_agent = await self.db.prisma.agent.update(where={\"id\": agent_id}, data=updated_data)\n                    ^^^^^^^^^^^^^^^^^^^^^^^^^^^^^^^^^^^^^^^^^^^^^^^^^^^^^^^^^^^^^^^^^^^^^^^^^^^^\n  File \"/usr/local/lib/python3.12/site-packages/prisma/actions.py\", line 666, in update\n    resp = await self._client._execute(\n           ^^^^^^^^^^^^^^^^^^^^^^^^^^^^\n  File \"/usr/local/lib/python3.12/site-packages/prisma/_base_client.py\", line 533, in _execute\n    return await self._engine.query(builder.build(), tx_id=self._tx_id)\n           ^^^^^^^^^^^^^^^^^^^^^^^^^^^^^^^^^^^^^^^^^^^^^^^^^^^^^^^^^^^^\n  File \"/usr/local/lib/python3.12/site-packages/prisma/engine/_query.py\", line 404, in query\n    return await self.request(\n           ^^^^^^^^^^^^^^^^^^^\n  File \"/usr/local/lib/python3.12/site-packages/prisma/engine/_http.py\", line 233, in request\n    return self._process_response_data(data=data, response=response)\n           ^^^^^^^^^^^^^^^^^^^^^^^^^^^^^^^^^^^^^^^^^^^^^^^^^^^^^^^^^\n  File \"/usr/local/lib/python3.12/site-packages/prisma/engine/_http.py\", line 87, in _process_response_data\n    return utils.handle_response_errors(response, errors_data)\n           ^^^^^^^^^^^^^^^^^^^^^^^^^^^^^^^^^^^^^^^^^^^^^^^^^^^\n  File \"/usr/local/lib/python3.12/site-packages/prisma/engine/utils.py\", line 163, in handle_response_errors\n    raise prisma_errors.MissingRequiredValueError(error)\nprisma.errors.MissingRequiredValueError: Unable to match input value to any allowed input type for the field. Parse errors: [Unable to match input value to any allowed input type for the field. Parse errors: [`data.instance`: A value is required but not set, `data.instance`: A value is required but not set], Unable to match input value to any allowed input type for the field. Parse errors: [`data.instance`: A value is required but not set, `data.instance`: A value is required but not set]]","time":{"start":1726037915661,"stop":1726037915661,"duration":0}},{"uid":"b65c415d4e905bfe","reportUrl":"https://cardanoapi.github.io/autonomous-agents/test_backend_allure_report/15//#testresult/b65c415d4e905bfe","status":"failed","statusDetails":"AssertionError: Expected PUT /agents/b9e0c627-e84e-49c9-b257-7595ede11aa7 to succeed but got statusCode: 500 : body: Traceback (most recent call last):\n  File \"/usr/local/lib/python3.12/site-packages/starlette/middleware/errors.py\", line 162, in __call__\n    await self.app(scope, receive, _send)\n  File \"/usr/local/lib/python3.12/site-packages/starlette/middleware/cors.py\", line 83, in __call__\n    await self.app(scope, receive, send)\n  File \"/usr/local/lib/python3.12/site-packages/starlette/middleware/exceptions.py\", line 79, in __call__\n    raise exc\n  File \"/usr/local/lib/python3.12/site-packages/starlette/middleware/exceptions.py\", line 68, in __call__\n    await self.app(scope, receive, sender)\n  File \"/usr/local/lib/python3.12/site-packages/fastapi/middleware/asyncexitstack.py\", line 20, in __call__\n    raise e\n  File \"/usr/local/lib/python3.12/site-packages/fastapi/middleware/asyncexitstack.py\", line 17, in __call__\n    await self.app(scope, receive, send)\n  File \"/usr/local/lib/python3.12/site-packages/starlette/routing.py\", line 718, in __call__\n    await route.handle(scope, receive, send)\n  File \"/usr/local/lib/python3.12/site-packages/starlette/routing.py\", line 276, in handle\n    await self.app(scope, receive, send)\n  File \"/usr/local/lib/python3.12/site-packages/starlette/routing.py\", line 66, in app\n    response = await func(request)\n               ^^^^^^^^^^^^^^^^^^^\n  File \"/usr/local/lib/python3.12/site-packages/fastapi/routing.py\", line 241, in app\n    raw_response = await run_endpoint_function(\n                   ^^^^^^^^^^^^^^^^^^^^^^^^^^^^\n  File \"/usr/local/lib/python3.12/site-packages/fastapi/routing.py\", line 167, in run_endpoint_function\n    return await dependant.call(**values)\n           ^^^^^^^^^^^^^^^^^^^^^^^^^^^^^^\n  File \"/api/backend/backend/app/controllers/agent_router.py\", line 48, in update_agent\n    updated_agent = await self.agent_service.update_agent(agent_id, agent_data, userAddress=user.address)\n                    ^^^^^^^^^^^^^^^^^^^^^^^^^^^^^^^^^^^^^^^^^^^^^^^^^^^^^^^^^^^^^^^^^^^^^^^^^^^^^^^^^^^^^\n  File \"/api/backend/backend/app/services/agent_service.py\", line 96, in update_agent\n    existing_agent = await self.agent_repository.modify_agent(agent_id, agent_data)\n                     ^^^^^^^^^^^^^^^^^^^^^^^^^^^^^^^^^^^^^^^^^^^^^^^^^^^^^^^^^^^^^^\n  File \"/api/backend/backend/app/repositories/agent_repository.py\", line 80, in modify_agent\n    updated_agent = await self.db.prisma.agent.update(where={\"id\": agent_id}, data=updated_data)\n                    ^^^^^^^^^^^^^^^^^^^^^^^^^^^^^^^^^^^^^^^^^^^^^^^^^^^^^^^^^^^^^^^^^^^^^^^^^^^^\n  File \"/usr/local/lib/python3.12/site-packages/prisma/actions.py\", line 666, in update\n    resp = await self._client._execute(\n           ^^^^^^^^^^^^^^^^^^^^^^^^^^^^\n  File \"/usr/local/lib/python3.12/site-packages/prisma/_base_client.py\", line 533, in _execute\n    return await self._engine.query(builder.build(), tx_id=self._tx_id)\n           ^^^^^^^^^^^^^^^^^^^^^^^^^^^^^^^^^^^^^^^^^^^^^^^^^^^^^^^^^^^^\n  File \"/usr/local/lib/python3.12/site-packages/prisma/engine/_query.py\", line 404, in query\n    return await self.request(\n           ^^^^^^^^^^^^^^^^^^^\n  File \"/usr/local/lib/python3.12/site-packages/prisma/engine/_http.py\", line 233, in request\n    return self._process_response_data(data=data, response=response)\n           ^^^^^^^^^^^^^^^^^^^^^^^^^^^^^^^^^^^^^^^^^^^^^^^^^^^^^^^^^\n  File \"/usr/local/lib/python3.12/site-packages/prisma/engine/_http.py\", line 87, in _process_response_data\n    return utils.handle_response_errors(response, errors_data)\n           ^^^^^^^^^^^^^^^^^^^^^^^^^^^^^^^^^^^^^^^^^^^^^^^^^^^\n  File \"/usr/local/lib/python3.12/site-packages/prisma/engine/utils.py\", line 163, in handle_response_errors\n    raise prisma_errors.MissingRequiredValueError(error)\nprisma.errors.MissingRequiredValueError: Unable to match input value to any allowed input type for the field. Parse errors: [Unable to match input value to any allowed input type for the field. Parse errors: [`data.instance`: A value is required but not set, `data.instance`: A value is required but not set], Unable to match input value to any allowed input type for the field. Parse errors: [`data.instance`: A value is required but not set, `data.instance`: A value is required but not set]]","time":{"start":1726031419979,"stop":1726031419979,"duration":0}},{"uid":"3da4c1c53b724e31","reportUrl":"https://cardanoapi.github.io/autonomous-agents/test_backend_allure_report/14//#testresult/3da4c1c53b724e31","status":"failed","statusDetails":"AssertionError: Expected PUT /agents/32a5ddcb-4aec-4cae-898e-9ca7701cf69b to succeed but got statusCode: 500 : body: Traceback (most recent call last):\n  File \"/usr/local/lib/python3.12/site-packages/starlette/middleware/errors.py\", line 162, in __call__\n    await self.app(scope, receive, _send)\n  File \"/usr/local/lib/python3.12/site-packages/starlette/middleware/cors.py\", line 83, in __call__\n    await self.app(scope, receive, send)\n  File \"/usr/local/lib/python3.12/site-packages/starlette/middleware/exceptions.py\", line 79, in __call__\n    raise exc\n  File \"/usr/local/lib/python3.12/site-packages/starlette/middleware/exceptions.py\", line 68, in __call__\n    await self.app(scope, receive, sender)\n  File \"/usr/local/lib/python3.12/site-packages/fastapi/middleware/asyncexitstack.py\", line 20, in __call__\n    raise e\n  File \"/usr/local/lib/python3.12/site-packages/fastapi/middleware/asyncexitstack.py\", line 17, in __call__\n    await self.app(scope, receive, send)\n  File \"/usr/local/lib/python3.12/site-packages/starlette/routing.py\", line 718, in __call__\n    await route.handle(scope, receive, send)\n  File \"/usr/local/lib/python3.12/site-packages/starlette/routing.py\", line 276, in handle\n    await self.app(scope, receive, send)\n  File \"/usr/local/lib/python3.12/site-packages/starlette/routing.py\", line 66, in app\n    response = await func(request)\n               ^^^^^^^^^^^^^^^^^^^\n  File \"/usr/local/lib/python3.12/site-packages/fastapi/routing.py\", line 241, in app\n    raw_response = await run_endpoint_function(\n                   ^^^^^^^^^^^^^^^^^^^^^^^^^^^^\n  File \"/usr/local/lib/python3.12/site-packages/fastapi/routing.py\", line 167, in run_endpoint_function\n    return await dependant.call(**values)\n           ^^^^^^^^^^^^^^^^^^^^^^^^^^^^^^\n  File \"/api/backend/backend/app/controllers/agent_router.py\", line 48, in update_agent\n    updated_agent = await self.agent_service.update_agent(agent_id, agent_data, userAddress=user.address)\n                    ^^^^^^^^^^^^^^^^^^^^^^^^^^^^^^^^^^^^^^^^^^^^^^^^^^^^^^^^^^^^^^^^^^^^^^^^^^^^^^^^^^^^^\n  File \"/api/backend/backend/app/services/agent_service.py\", line 96, in update_agent\n    existing_agent = await self.agent_repository.modify_agent(agent_id, agent_data)\n                     ^^^^^^^^^^^^^^^^^^^^^^^^^^^^^^^^^^^^^^^^^^^^^^^^^^^^^^^^^^^^^^\n  File \"/api/backend/backend/app/repositories/agent_repository.py\", line 80, in modify_agent\n    updated_agent = await self.db.prisma.agent.update(where={\"id\": agent_id}, data=updated_data)\n                    ^^^^^^^^^^^^^^^^^^^^^^^^^^^^^^^^^^^^^^^^^^^^^^^^^^^^^^^^^^^^^^^^^^^^^^^^^^^^\n  File \"/usr/local/lib/python3.12/site-packages/prisma/actions.py\", line 666, in update\n    resp = await self._client._execute(\n           ^^^^^^^^^^^^^^^^^^^^^^^^^^^^\n  File \"/usr/local/lib/python3.12/site-packages/prisma/_base_client.py\", line 533, in _execute\n    return await self._engine.query(builder.build(), tx_id=self._tx_id)\n           ^^^^^^^^^^^^^^^^^^^^^^^^^^^^^^^^^^^^^^^^^^^^^^^^^^^^^^^^^^^^\n  File \"/usr/local/lib/python3.12/site-packages/prisma/engine/_query.py\", line 404, in query\n    return await self.request(\n           ^^^^^^^^^^^^^^^^^^^\n  File \"/usr/local/lib/python3.12/site-packages/prisma/engine/_http.py\", line 233, in request\n    return self._process_response_data(data=data, response=response)\n           ^^^^^^^^^^^^^^^^^^^^^^^^^^^^^^^^^^^^^^^^^^^^^^^^^^^^^^^^^\n  File \"/usr/local/lib/python3.12/site-packages/prisma/engine/_http.py\", line 87, in _process_response_data\n    return utils.handle_response_errors(response, errors_data)\n           ^^^^^^^^^^^^^^^^^^^^^^^^^^^^^^^^^^^^^^^^^^^^^^^^^^^\n  File \"/usr/local/lib/python3.12/site-packages/prisma/engine/utils.py\", line 163, in handle_response_errors\n    raise prisma_errors.MissingRequiredValueError(error)\nprisma.errors.MissingRequiredValueError: Unable to match input value to any allowed input type for the field. Parse errors: [Unable to match input value to any allowed input type for the field. Parse errors: [`data.instance`: A value is required but not set, `data.instance`: A value is required but not set], Unable to match input value to any allowed input type for the field. Parse errors: [`data.instance`: A value is required but not set, `data.instance`: A value is required but not set]]","time":{"start":1725963147604,"stop":1725963147604,"duration":0}},{"uid":"ef7cb48333c3e947","reportUrl":"https://cardanoapi.github.io/autonomous-agents/test_backend_allure_report/13//#testresult/ef7cb48333c3e947","status":"failed","statusDetails":"AssertionError: No successful 'voteEvent' log found | Failed Logs: None","time":{"start":1725950966849,"stop":1725950967072,"duration":223}}]},"tags":[]},"source":"7d4044701f90a0d7.json","parameterValues":[]}