{"uid":"862a4a22da1537fc","name":"Test Event Vote Logs","fullName":"test_cases.test_agent_functions.TestAgentFunctionExecution#test_event_vote_logs","historyId":"b479afaeccaeb0b2b306544ea95f6f33","time":{"start":1727088033942,"stop":1727088034307,"duration":365},"status":"failed","statusMessage":"AssertionError: Expected GET /trigger-history to succeed but got statusCode: 500 : body: <html>\r\n<head><title>500 Internal Server Error</title></head>\r\n<body>\r\n<center><h1>500 Internal Server Error</h1></center>\r\n<hr><center>nginx/1.23.2</center>\r\n</body>\r\n</html>","statusTrace":"self = <test_cases.test_agent_functions.TestAgentFunctionExecution object at 0x7fd69be35250>\nrun_admin_agent_fixture = <Response [200]>\nautonomous_agent_api = <lib.autonomous_agent_api.AutonomousAgentApi object at 0x7fd69ca1c1d0>\n\n    @allure.sub_suite(\"EVENT\")\n    @allure.title(\"Test Event Vote Logs\")\n    @allure.feature(\"Vote Event Function\")\n    def test_event_vote_logs(self, run_admin_agent_fixture, autonomous_agent_api):\n        agent_id = run_admin_agent_fixture.json().get(\"id\")\n        logs = (\n>           autonomous_agent_api.get_trigger_history(\n                param=\"?agent_id=\" + str(agent_id) + \"&functionName=voteOnProposal\"\n            )\n            .json()\n            .get(\"items\")\n        )\n\ntest_cases/test_agent_functions.py:84: \n_ _ _ _ _ _ _ _ _ _ _ _ _ _ _ _ _ _ _ _ _ _ _ _ _ _ _ _ _ _ _ _ _ _ _ _ _ _ _ _ \nlib/autonomous_agent_api.py:145: in get_trigger_history\n    return self._get(f\"/trigger-history\", param=param)\nlib/autonomous_agent_api.py:58: in _get\n    return self._request(\n_ _ _ _ _ _ _ _ _ _ _ _ _ _ _ _ _ _ _ _ _ _ _ _ _ _ _ _ _ _ _ _ _ _ _ _ _ _ _ _ \n\nself = <lib.autonomous_agent_api.AutonomousAgentApi object at 0x7fd69ca1c1d0>\nmethod = 'GET', endpoint = '/trigger-history'\nparam = '?agent_id=cbccb0ca-8534-47ca-95e0-0020248e9820&functionName=voteOnProposal'\nbody = None, headers = None\n\n    def _request(\n        self,\n        method: str,\n        endpoint: str,\n        param: Any | None = None,\n        body: Any | None = None,\n        headers: dict | None = None,\n    ) -> Response:\n        endpoint = endpoint if endpoint.startswith(\"/\") else f\"/{endpoint}\"\n        full_url = self._base_url + endpoint\n        full_url_with_parms = full_url + param if param else full_url\n    \n        response = self._session.request(\n            method=method, url=full_url_with_parms, json=body, headers=headers\n        )\n    \n        try:\n            response_json = response.json()\n            response_json_str = json.dumps(response_json)[:200]\n        except:\n            response_json_str = \"Response not as Expected. Something is Wrong\"\n    \n        request_info = {\n            \"method\": method,\n            \"endpoint\": endpoint,\n            \"path_param\": param,\n            \"json\": json.dumps(body),\n            \"status_code\": response.status_code,\n            \"response_json\": response_json_str,\n        }\n    \n        self.requests_log.append(request_info)\n    \n>       assert (\n            200 <= response.status_code <= 299\n        ), f\"Expected {method} {endpoint} to succeed but got statusCode: {response.status_code} : body: {response.text}\"\nE       AssertionError: Expected GET /trigger-history to succeed but got statusCode: 500 : body: <html>\r\nE       <head><title>500 Internal Server Error</title></head>\r\nE       <body>\r\nE       <center><h1>500 Internal Server Error</h1></center>\r\nE       <hr><center>nginx/1.23.2</center>\r\nE       </body>\r\nE       </html>\n\nlib/autonomous_agent_api.py:49: AssertionError","flaky":false,"newFailed":false,"newBroken":false,"newPassed":false,"retriesCount":0,"retriesStatusChange":false,"beforeStages":[{"name":"autonomous_agent_api","time":{"start":1727087528218,"stop":1727087528218,"duration":0},"status":"passed","steps":[],"attachments":[],"parameters":[],"shouldDisplayMessage":false,"stepsCount":0,"attachmentsCount":0,"hasContent":false},{"name":"admin_login_response","time":{"start":1727087528736,"stop":1727087528854,"duration":118},"status":"passed","steps":[],"attachments":[],"parameters":[],"shouldDisplayMessage":false,"stepsCount":0,"attachmentsCount":0,"hasContent":false},{"name":"admin_login_cookie","time":{"start":1727087528854,"stop":1727087528854,"duration":0},"status":"passed","steps":[],"attachments":[],"parameters":[],"shouldDisplayMessage":false,"stepsCount":0,"attachmentsCount":0,"hasContent":false},{"name":"create_template_fixture","time":{"start":1727087528854,"stop":1727087528981,"duration":127},"status":"passed","steps":[],"attachments":[],"parameters":[],"shouldDisplayMessage":false,"stepsCount":0,"attachmentsCount":0,"hasContent":false},{"name":"edit_template_fixture","time":{"start":1727087528982,"stop":1727087529114,"duration":132},"status":"passed","steps":[],"attachments":[],"parameters":[],"shouldDisplayMessage":false,"stepsCount":0,"attachmentsCount":0,"hasContent":false},{"name":"create_admin_agent_fixture","time":{"start":1727087529114,"stop":1727087529256,"duration":142},"status":"passed","steps":[],"attachments":[],"parameters":[],"shouldDisplayMessage":false,"stepsCount":0,"attachmentsCount":0,"hasContent":false},{"name":"edit_admin_agent_fixture","time":{"start":1727087529570,"stop":1727087529710,"duration":140},"status":"passed","steps":[],"attachments":[],"parameters":[],"shouldDisplayMessage":false,"stepsCount":0,"attachmentsCount":0,"hasContent":false},{"name":"load_funds_to_agent_address","time":{"start":1727087529711,"stop":1727087651151,"duration":121440},"status":"passed","steps":[],"attachments":[],"parameters":[],"shouldDisplayMessage":false,"stepsCount":0,"attachmentsCount":0,"hasContent":false},{"name":"run_admin_agent_fixture","time":{"start":1727087651151,"stop":1727088014402,"duration":363251},"status":"passed","steps":[],"attachments":[],"parameters":[],"shouldDisplayMessage":false,"stepsCount":0,"attachmentsCount":0,"hasContent":false}],"afterStages":[{"name":"autonomous_agent_api::0","time":{"start":1727088038901,"stop":1727088038901,"duration":0},"status":"passed","steps":[],"attachments":[],"parameters":[],"shouldDisplayMessage":false,"stepsCount":0,"attachmentsCount":0,"hasContent":false}],"labels":[{"name":"parentSuite","value":"Agent Function Execution"},{"name":"feature","value":"Vote Event Function"},{"name":"subSuite","value":"EVENT"},{"name":"suite","value":"test_agent_functions"},{"name":"host","value":"fv-az2028-359"},{"name":"thread","value":"1943-MainThread"},{"name":"framework","value":"pytest"},{"name":"language","value":"cpython3"},{"name":"package","value":"test_cases.test_agent_functions"},{"name":"resultFormat","value":"allure2"}],"parameters":[],"links":[],"hidden":false,"retry":false,"extra":{"severity":"normal","retries":[],"categories":[{"name":"Product defects","matchedStatuses":[],"flaky":false}],"history":{"statistic":{"failed":20,"broken":0,"skipped":0,"passed":13,"unknown":0,"total":33},"items":[{"uid":"e64c174a14c6d1d2","reportUrl":"https://cardanoapi.github.io/autonomous-agents/test_backend_allure_report/33//#testresult/e64c174a14c6d1d2","status":"failed","statusDetails":"AssertionError: Expected POST /templates to succeed but got statusCode: 403 : body: \"Forbidden Request\"","time":{"start":1726811571643,"stop":1726811571643,"duration":0}},{"uid":"c2237c532f28a240","reportUrl":"https://cardanoapi.github.io/autonomous-agents/test_backend_allure_report/32//#testresult/c2237c532f28a240","status":"failed","statusDetails":"AssertionError: Expected POST /templates to succeed but got statusCode: 403 : body: \"Forbidden Request\"","time":{"start":1726738987781,"stop":1726738987781,"duration":0}},{"uid":"6e0f95324875fb29","reportUrl":"https://cardanoapi.github.io/autonomous-agents/test_backend_allure_report/31//#testresult/6e0f95324875fb29","status":"failed","statusDetails":"AssertionError: Expected POST /templates to succeed but got statusCode: 403 : body: \"Forbidden Request\"","time":{"start":1726730682634,"stop":1726730682634,"duration":0}},{"uid":"63b8dc8337513f55","reportUrl":"https://cardanoapi.github.io/autonomous-agents/test_backend_allure_report/30//#testresult/63b8dc8337513f55","status":"passed","time":{"start":1726730663932,"stop":1726730664165,"duration":233}},{"uid":"f0b812c32042d35e","reportUrl":"https://cardanoapi.github.io/autonomous-agents/test_backend_allure_report/29//#testresult/f0b812c32042d35e","status":"passed","time":{"start":1726655638283,"stop":1726655638523,"duration":240}},{"uid":"7d65815907a040d8","reportUrl":"https://cardanoapi.github.io/autonomous-agents/test_backend_allure_report/28//#testresult/7d65815907a040d8","status":"passed","time":{"start":1726572394314,"stop":1726572394623,"duration":309}},{"uid":"8f7444fed641fae4","reportUrl":"https://cardanoapi.github.io/autonomous-agents/test_backend_allure_report/27//#testresult/8f7444fed641fae4","status":"passed","time":{"start":1726571193681,"stop":1726571193915,"duration":234}},{"uid":"cc132a97b9af12a6","reportUrl":"https://cardanoapi.github.io/autonomous-agents/test_backend_allure_report/26//#testresult/cc132a97b9af12a6","status":"failed","statusDetails":"AssertionError: No successful 'voteEvent' log found | Failed Logs: None","time":{"start":1726555653466,"stop":1726555653719,"duration":253}},{"uid":"1c0ff00be3bd4159","reportUrl":"https://cardanoapi.github.io/autonomous-agents/test_backend_allure_report/25//#testresult/1c0ff00be3bd4159","status":"failed","statusDetails":"AssertionError: No successful 'voteEvent' log found | Failed Logs: None","time":{"start":1726554684173,"stop":1726554684465,"duration":292}},{"uid":"cb21bad41af78b8e","reportUrl":"https://cardanoapi.github.io/autonomous-agents/test_backend_allure_report/24//#testresult/cb21bad41af78b8e","status":"passed","time":{"start":1726552150044,"stop":1726552150319,"duration":275}},{"uid":"f7c13d94199f8af1","reportUrl":"https://cardanoapi.github.io/autonomous-agents/test_backend_allure_report/23//#testresult/f7c13d94199f8af1","status":"passed","time":{"start":1726475580238,"stop":1726475580544,"duration":306}},{"uid":"2385d0f1bb4cf79f","reportUrl":"https://cardanoapi.github.io/autonomous-agents/test_backend_allure_report/22//#testresult/2385d0f1bb4cf79f","status":"failed","statusDetails":"AssertionError: No successful 'voteEvent' log found | Failed Logs: None","time":{"start":1726461466088,"stop":1726461466345,"duration":257}},{"uid":"803db4dbaf8e5d20","reportUrl":"https://cardanoapi.github.io/autonomous-agents/test_backend_allure_report/19//#testresult/803db4dbaf8e5d20","status":"failed","statusDetails":"AssertionError: Expected PUT /agents/0016a154-7e9f-4729-a27d-fce73da9fdbc to succeed but got statusCode: 500 : body: Traceback (most recent call last):\n  File \"/usr/local/lib/python3.12/site-packages/starlette/middleware/errors.py\", line 162, in __call__\n    await self.app(scope, receive, _send)\n  File \"/usr/local/lib/python3.12/site-packages/starlette/middleware/cors.py\", line 83, in __call__\n    await self.app(scope, receive, send)\n  File \"/usr/local/lib/python3.12/site-packages/starlette/middleware/exceptions.py\", line 79, in __call__\n    raise exc\n  File \"/usr/local/lib/python3.12/site-packages/starlette/middleware/exceptions.py\", line 68, in __call__\n    await self.app(scope, receive, sender)\n  File \"/usr/local/lib/python3.12/site-packages/fastapi/middleware/asyncexitstack.py\", line 20, in __call__\n    raise e\n  File \"/usr/local/lib/python3.12/site-packages/fastapi/middleware/asyncexitstack.py\", line 17, in __call__\n    await self.app(scope, receive, send)\n  File \"/usr/local/lib/python3.12/site-packages/starlette/routing.py\", line 718, in __call__\n    await route.handle(scope, receive, send)\n  File \"/usr/local/lib/python3.12/site-packages/starlette/routing.py\", line 276, in handle\n    await self.app(scope, receive, send)\n  File \"/usr/local/lib/python3.12/site-packages/starlette/routing.py\", line 66, in app\n    response = await func(request)\n               ^^^^^^^^^^^^^^^^^^^\n  File \"/usr/local/lib/python3.12/site-packages/fastapi/routing.py\", line 241, in app\n    raw_response = await run_endpoint_function(\n                   ^^^^^^^^^^^^^^^^^^^^^^^^^^^^\n  File \"/usr/local/lib/python3.12/site-packages/fastapi/routing.py\", line 167, in run_endpoint_function\n    return await dependant.call(**values)\n           ^^^^^^^^^^^^^^^^^^^^^^^^^^^^^^\n  File \"/api/backend/backend/app/controllers/agent_router.py\", line 48, in update_agent\n    updated_agent = await self.agent_service.update_agent(agent_id, agent_data, userAddress=user.address)\n                    ^^^^^^^^^^^^^^^^^^^^^^^^^^^^^^^^^^^^^^^^^^^^^^^^^^^^^^^^^^^^^^^^^^^^^^^^^^^^^^^^^^^^^\n  File \"/api/backend/backend/app/services/agent_service.py\", line 100, in update_agent\n    if existing_agent.instance < agent_data.instance:\n       ^^^^^^^^^^^^^^^^^^^^^^^^^^^^^^^^^^^^^^^^^^^^^\nTypeError: '<' not supported between instances of 'int' and 'NoneType'","time":{"start":1726056110368,"stop":1726056110368,"duration":0}},{"uid":"222a24e96582bdef","reportUrl":"https://cardanoapi.github.io/autonomous-agents/test_backend_allure_report/18//#testresult/222a24e96582bdef","status":"failed","statusDetails":"AssertionError: Expected PUT /agents/52ee8252-01f5-427b-9777-842bdbc37d18 to succeed but got statusCode: 500 : body: Traceback (most recent call last):\n  File \"/usr/local/lib/python3.12/site-packages/starlette/middleware/errors.py\", line 162, in __call__\n    await self.app(scope, receive, _send)\n  File \"/usr/local/lib/python3.12/site-packages/starlette/middleware/cors.py\", line 83, in __call__\n    await self.app(scope, receive, send)\n  File \"/usr/local/lib/python3.12/site-packages/starlette/middleware/exceptions.py\", line 79, in __call__\n    raise exc\n  File \"/usr/local/lib/python3.12/site-packages/starlette/middleware/exceptions.py\", line 68, in __call__\n    await self.app(scope, receive, sender)\n  File \"/usr/local/lib/python3.12/site-packages/fastapi/middleware/asyncexitstack.py\", line 20, in __call__\n    raise e\n  File \"/usr/local/lib/python3.12/site-packages/fastapi/middleware/asyncexitstack.py\", line 17, in __call__\n    await self.app(scope, receive, send)\n  File \"/usr/local/lib/python3.12/site-packages/starlette/routing.py\", line 718, in __call__\n    await route.handle(scope, receive, send)\n  File \"/usr/local/lib/python3.12/site-packages/starlette/routing.py\", line 276, in handle\n    await self.app(scope, receive, send)\n  File \"/usr/local/lib/python3.12/site-packages/starlette/routing.py\", line 66, in app\n    response = await func(request)\n               ^^^^^^^^^^^^^^^^^^^\n  File \"/usr/local/lib/python3.12/site-packages/fastapi/routing.py\", line 241, in app\n    raw_response = await run_endpoint_function(\n                   ^^^^^^^^^^^^^^^^^^^^^^^^^^^^\n  File \"/usr/local/lib/python3.12/site-packages/fastapi/routing.py\", line 167, in run_endpoint_function\n    return await dependant.call(**values)\n           ^^^^^^^^^^^^^^^^^^^^^^^^^^^^^^\n  File \"/api/backend/backend/app/controllers/agent_router.py\", line 48, in update_agent\n    updated_agent = await self.agent_service.update_agent(agent_id, agent_data, userAddress=user.address)\n                    ^^^^^^^^^^^^^^^^^^^^^^^^^^^^^^^^^^^^^^^^^^^^^^^^^^^^^^^^^^^^^^^^^^^^^^^^^^^^^^^^^^^^^\n  File \"/api/backend/backend/app/services/agent_service.py\", line 100, in update_agent\n    if existing_agent.instance < agent_data.instance:\n       ^^^^^^^^^^^^^^^^^^^^^^^^^^^^^^^^^^^^^^^^^^^^^\nTypeError: '<' not supported between instances of 'int' and 'NoneType'","time":{"start":1726051674615,"stop":1726051674615,"duration":0}},{"uid":"e29cc00eda7bea2a","reportUrl":"https://cardanoapi.github.io/autonomous-agents/test_backend_allure_report/17//#testresult/e29cc00eda7bea2a","status":"failed","statusDetails":"AssertionError: Expected PUT /agents/bc73d298-36ba-42e2-b8ba-889292fd3a0f to succeed but got statusCode: 500 : body: Traceback (most recent call last):\n  File \"/usr/local/lib/python3.12/site-packages/starlette/middleware/errors.py\", line 162, in __call__\n    await self.app(scope, receive, _send)\n  File \"/usr/local/lib/python3.12/site-packages/starlette/middleware/cors.py\", line 83, in __call__\n    await self.app(scope, receive, send)\n  File \"/usr/local/lib/python3.12/site-packages/starlette/middleware/exceptions.py\", line 79, in __call__\n    raise exc\n  File \"/usr/local/lib/python3.12/site-packages/starlette/middleware/exceptions.py\", line 68, in __call__\n    await self.app(scope, receive, sender)\n  File \"/usr/local/lib/python3.12/site-packages/fastapi/middleware/asyncexitstack.py\", line 20, in __call__\n    raise e\n  File \"/usr/local/lib/python3.12/site-packages/fastapi/middleware/asyncexitstack.py\", line 17, in __call__\n    await self.app(scope, receive, send)\n  File \"/usr/local/lib/python3.12/site-packages/starlette/routing.py\", line 718, in __call__\n    await route.handle(scope, receive, send)\n  File \"/usr/local/lib/python3.12/site-packages/starlette/routing.py\", line 276, in handle\n    await self.app(scope, receive, send)\n  File \"/usr/local/lib/python3.12/site-packages/starlette/routing.py\", line 66, in app\n    response = await func(request)\n               ^^^^^^^^^^^^^^^^^^^\n  File \"/usr/local/lib/python3.12/site-packages/fastapi/routing.py\", line 241, in app\n    raw_response = await run_endpoint_function(\n                   ^^^^^^^^^^^^^^^^^^^^^^^^^^^^\n  File \"/usr/local/lib/python3.12/site-packages/fastapi/routing.py\", line 167, in run_endpoint_function\n    return await dependant.call(**values)\n           ^^^^^^^^^^^^^^^^^^^^^^^^^^^^^^\n  File \"/api/backend/backend/app/controllers/agent_router.py\", line 48, in update_agent\n    updated_agent = await self.agent_service.update_agent(agent_id, agent_data, userAddress=user.address)\n                    ^^^^^^^^^^^^^^^^^^^^^^^^^^^^^^^^^^^^^^^^^^^^^^^^^^^^^^^^^^^^^^^^^^^^^^^^^^^^^^^^^^^^^\n  File \"/api/backend/backend/app/services/agent_service.py\", line 96, in update_agent\n    existing_agent = await self.agent_repository.modify_agent(agent_id, agent_data)\n                     ^^^^^^^^^^^^^^^^^^^^^^^^^^^^^^^^^^^^^^^^^^^^^^^^^^^^^^^^^^^^^^\n  File \"/api/backend/backend/app/repositories/agent_repository.py\", line 80, in modify_agent\n    updated_agent = await self.db.prisma.agent.update(where={\"id\": agent_id}, data=updated_data)\n                    ^^^^^^^^^^^^^^^^^^^^^^^^^^^^^^^^^^^^^^^^^^^^^^^^^^^^^^^^^^^^^^^^^^^^^^^^^^^^\n  File \"/usr/local/lib/python3.12/site-packages/prisma/actions.py\", line 666, in update\n    resp = await self._client._execute(\n           ^^^^^^^^^^^^^^^^^^^^^^^^^^^^\n  File \"/usr/local/lib/python3.12/site-packages/prisma/_base_client.py\", line 533, in _execute\n    return await self._engine.query(builder.build(), tx_id=self._tx_id)\n           ^^^^^^^^^^^^^^^^^^^^^^^^^^^^^^^^^^^^^^^^^^^^^^^^^^^^^^^^^^^^\n  File \"/usr/local/lib/python3.12/site-packages/prisma/engine/_query.py\", line 404, in query\n    return await self.request(\n           ^^^^^^^^^^^^^^^^^^^\n  File \"/usr/local/lib/python3.12/site-packages/prisma/engine/_http.py\", line 233, in request\n    return self._process_response_data(data=data, response=response)\n           ^^^^^^^^^^^^^^^^^^^^^^^^^^^^^^^^^^^^^^^^^^^^^^^^^^^^^^^^^\n  File \"/usr/local/lib/python3.12/site-packages/prisma/engine/_http.py\", line 87, in _process_response_data\n    return utils.handle_response_errors(response, errors_data)\n           ^^^^^^^^^^^^^^^^^^^^^^^^^^^^^^^^^^^^^^^^^^^^^^^^^^^\n  File \"/usr/local/lib/python3.12/site-packages/prisma/engine/utils.py\", line 163, in handle_response_errors\n    raise prisma_errors.MissingRequiredValueError(error)\nprisma.errors.MissingRequiredValueError: Unable to match input value to any allowed input type for the field. Parse errors: [Unable to match input value to any allowed input type for the field. Parse errors: [`data.instance`: A value is required but not set, `data.instance`: A value is required but not set], Unable to match input value to any allowed input type for the field. Parse errors: [`data.instance`: A value is required but not set, `data.instance`: A value is required but not set]]","time":{"start":1726047884416,"stop":1726047884416,"duration":0}},{"uid":"7af6a59f2c499a68","reportUrl":"https://cardanoapi.github.io/autonomous-agents/test_backend_allure_report/16//#testresult/7af6a59f2c499a68","status":"failed","statusDetails":"AssertionError: Expected PUT /agents/e88495d5-40a1-4f1d-8d73-c8988548d179 to succeed but got statusCode: 500 : body: Traceback (most recent call last):\n  File \"/usr/local/lib/python3.12/site-packages/starlette/middleware/errors.py\", line 162, in __call__\n    await self.app(scope, receive, _send)\n  File \"/usr/local/lib/python3.12/site-packages/starlette/middleware/cors.py\", line 83, in __call__\n    await self.app(scope, receive, send)\n  File \"/usr/local/lib/python3.12/site-packages/starlette/middleware/exceptions.py\", line 79, in __call__\n    raise exc\n  File \"/usr/local/lib/python3.12/site-packages/starlette/middleware/exceptions.py\", line 68, in __call__\n    await self.app(scope, receive, sender)\n  File \"/usr/local/lib/python3.12/site-packages/fastapi/middleware/asyncexitstack.py\", line 20, in __call__\n    raise e\n  File \"/usr/local/lib/python3.12/site-packages/fastapi/middleware/asyncexitstack.py\", line 17, in __call__\n    await self.app(scope, receive, send)\n  File \"/usr/local/lib/python3.12/site-packages/starlette/routing.py\", line 718, in __call__\n    await route.handle(scope, receive, send)\n  File \"/usr/local/lib/python3.12/site-packages/starlette/routing.py\", line 276, in handle\n    await self.app(scope, receive, send)\n  File \"/usr/local/lib/python3.12/site-packages/starlette/routing.py\", line 66, in app\n    response = await func(request)\n               ^^^^^^^^^^^^^^^^^^^\n  File \"/usr/local/lib/python3.12/site-packages/fastapi/routing.py\", line 241, in app\n    raw_response = await run_endpoint_function(\n                   ^^^^^^^^^^^^^^^^^^^^^^^^^^^^\n  File \"/usr/local/lib/python3.12/site-packages/fastapi/routing.py\", line 167, in run_endpoint_function\n    return await dependant.call(**values)\n           ^^^^^^^^^^^^^^^^^^^^^^^^^^^^^^\n  File \"/api/backend/backend/app/controllers/agent_router.py\", line 48, in update_agent\n    updated_agent = await self.agent_service.update_agent(agent_id, agent_data, userAddress=user.address)\n                    ^^^^^^^^^^^^^^^^^^^^^^^^^^^^^^^^^^^^^^^^^^^^^^^^^^^^^^^^^^^^^^^^^^^^^^^^^^^^^^^^^^^^^\n  File \"/api/backend/backend/app/services/agent_service.py\", line 96, in update_agent\n    existing_agent = await self.agent_repository.modify_agent(agent_id, agent_data)\n                     ^^^^^^^^^^^^^^^^^^^^^^^^^^^^^^^^^^^^^^^^^^^^^^^^^^^^^^^^^^^^^^\n  File \"/api/backend/backend/app/repositories/agent_repository.py\", line 80, in modify_agent\n    updated_agent = await self.db.prisma.agent.update(where={\"id\": agent_id}, data=updated_data)\n                    ^^^^^^^^^^^^^^^^^^^^^^^^^^^^^^^^^^^^^^^^^^^^^^^^^^^^^^^^^^^^^^^^^^^^^^^^^^^^\n  File \"/usr/local/lib/python3.12/site-packages/prisma/actions.py\", line 666, in update\n    resp = await self._client._execute(\n           ^^^^^^^^^^^^^^^^^^^^^^^^^^^^\n  File \"/usr/local/lib/python3.12/site-packages/prisma/_base_client.py\", line 533, in _execute\n    return await self._engine.query(builder.build(), tx_id=self._tx_id)\n           ^^^^^^^^^^^^^^^^^^^^^^^^^^^^^^^^^^^^^^^^^^^^^^^^^^^^^^^^^^^^\n  File \"/usr/local/lib/python3.12/site-packages/prisma/engine/_query.py\", line 404, in query\n    return await self.request(\n           ^^^^^^^^^^^^^^^^^^^\n  File \"/usr/local/lib/python3.12/site-packages/prisma/engine/_http.py\", line 233, in request\n    return self._process_response_data(data=data, response=response)\n           ^^^^^^^^^^^^^^^^^^^^^^^^^^^^^^^^^^^^^^^^^^^^^^^^^^^^^^^^^\n  File \"/usr/local/lib/python3.12/site-packages/prisma/engine/_http.py\", line 87, in _process_response_data\n    return utils.handle_response_errors(response, errors_data)\n           ^^^^^^^^^^^^^^^^^^^^^^^^^^^^^^^^^^^^^^^^^^^^^^^^^^^\n  File \"/usr/local/lib/python3.12/site-packages/prisma/engine/utils.py\", line 163, in handle_response_errors\n    raise prisma_errors.MissingRequiredValueError(error)\nprisma.errors.MissingRequiredValueError: Unable to match input value to any allowed input type for the field. Parse errors: [Unable to match input value to any allowed input type for the field. Parse errors: [`data.instance`: A value is required but not set, `data.instance`: A value is required but not set], Unable to match input value to any allowed input type for the field. Parse errors: [`data.instance`: A value is required but not set, `data.instance`: A value is required but not set]]","time":{"start":1726037915661,"stop":1726037915661,"duration":0}},{"uid":"b65c415d4e905bfe","reportUrl":"https://cardanoapi.github.io/autonomous-agents/test_backend_allure_report/15//#testresult/b65c415d4e905bfe","status":"failed","statusDetails":"AssertionError: Expected PUT /agents/b9e0c627-e84e-49c9-b257-7595ede11aa7 to succeed but got statusCode: 500 : body: Traceback (most recent call last):\n  File \"/usr/local/lib/python3.12/site-packages/starlette/middleware/errors.py\", line 162, in __call__\n    await self.app(scope, receive, _send)\n  File \"/usr/local/lib/python3.12/site-packages/starlette/middleware/cors.py\", line 83, in __call__\n    await self.app(scope, receive, send)\n  File \"/usr/local/lib/python3.12/site-packages/starlette/middleware/exceptions.py\", line 79, in __call__\n    raise exc\n  File \"/usr/local/lib/python3.12/site-packages/starlette/middleware/exceptions.py\", line 68, in __call__\n    await self.app(scope, receive, sender)\n  File \"/usr/local/lib/python3.12/site-packages/fastapi/middleware/asyncexitstack.py\", line 20, in __call__\n    raise e\n  File \"/usr/local/lib/python3.12/site-packages/fastapi/middleware/asyncexitstack.py\", line 17, in __call__\n    await self.app(scope, receive, send)\n  File \"/usr/local/lib/python3.12/site-packages/starlette/routing.py\", line 718, in __call__\n    await route.handle(scope, receive, send)\n  File \"/usr/local/lib/python3.12/site-packages/starlette/routing.py\", line 276, in handle\n    await self.app(scope, receive, send)\n  File \"/usr/local/lib/python3.12/site-packages/starlette/routing.py\", line 66, in app\n    response = await func(request)\n               ^^^^^^^^^^^^^^^^^^^\n  File \"/usr/local/lib/python3.12/site-packages/fastapi/routing.py\", line 241, in app\n    raw_response = await run_endpoint_function(\n                   ^^^^^^^^^^^^^^^^^^^^^^^^^^^^\n  File \"/usr/local/lib/python3.12/site-packages/fastapi/routing.py\", line 167, in run_endpoint_function\n    return await dependant.call(**values)\n           ^^^^^^^^^^^^^^^^^^^^^^^^^^^^^^\n  File \"/api/backend/backend/app/controllers/agent_router.py\", line 48, in update_agent\n    updated_agent = await self.agent_service.update_agent(agent_id, agent_data, userAddress=user.address)\n                    ^^^^^^^^^^^^^^^^^^^^^^^^^^^^^^^^^^^^^^^^^^^^^^^^^^^^^^^^^^^^^^^^^^^^^^^^^^^^^^^^^^^^^\n  File \"/api/backend/backend/app/services/agent_service.py\", line 96, in update_agent\n    existing_agent = await self.agent_repository.modify_agent(agent_id, agent_data)\n                     ^^^^^^^^^^^^^^^^^^^^^^^^^^^^^^^^^^^^^^^^^^^^^^^^^^^^^^^^^^^^^^\n  File \"/api/backend/backend/app/repositories/agent_repository.py\", line 80, in modify_agent\n    updated_agent = await self.db.prisma.agent.update(where={\"id\": agent_id}, data=updated_data)\n                    ^^^^^^^^^^^^^^^^^^^^^^^^^^^^^^^^^^^^^^^^^^^^^^^^^^^^^^^^^^^^^^^^^^^^^^^^^^^^\n  File \"/usr/local/lib/python3.12/site-packages/prisma/actions.py\", line 666, in update\n    resp = await self._client._execute(\n           ^^^^^^^^^^^^^^^^^^^^^^^^^^^^\n  File \"/usr/local/lib/python3.12/site-packages/prisma/_base_client.py\", line 533, in _execute\n    return await self._engine.query(builder.build(), tx_id=self._tx_id)\n           ^^^^^^^^^^^^^^^^^^^^^^^^^^^^^^^^^^^^^^^^^^^^^^^^^^^^^^^^^^^^\n  File \"/usr/local/lib/python3.12/site-packages/prisma/engine/_query.py\", line 404, in query\n    return await self.request(\n           ^^^^^^^^^^^^^^^^^^^\n  File \"/usr/local/lib/python3.12/site-packages/prisma/engine/_http.py\", line 233, in request\n    return self._process_response_data(data=data, response=response)\n           ^^^^^^^^^^^^^^^^^^^^^^^^^^^^^^^^^^^^^^^^^^^^^^^^^^^^^^^^^\n  File \"/usr/local/lib/python3.12/site-packages/prisma/engine/_http.py\", line 87, in _process_response_data\n    return utils.handle_response_errors(response, errors_data)\n           ^^^^^^^^^^^^^^^^^^^^^^^^^^^^^^^^^^^^^^^^^^^^^^^^^^^\n  File \"/usr/local/lib/python3.12/site-packages/prisma/engine/utils.py\", line 163, in handle_response_errors\n    raise prisma_errors.MissingRequiredValueError(error)\nprisma.errors.MissingRequiredValueError: Unable to match input value to any allowed input type for the field. Parse errors: [Unable to match input value to any allowed input type for the field. Parse errors: [`data.instance`: A value is required but not set, `data.instance`: A value is required but not set], Unable to match input value to any allowed input type for the field. Parse errors: [`data.instance`: A value is required but not set, `data.instance`: A value is required but not set]]","time":{"start":1726031419979,"stop":1726031419979,"duration":0}},{"uid":"3da4c1c53b724e31","reportUrl":"https://cardanoapi.github.io/autonomous-agents/test_backend_allure_report/14//#testresult/3da4c1c53b724e31","status":"failed","statusDetails":"AssertionError: Expected PUT /agents/32a5ddcb-4aec-4cae-898e-9ca7701cf69b to succeed but got statusCode: 500 : body: Traceback (most recent call last):\n  File \"/usr/local/lib/python3.12/site-packages/starlette/middleware/errors.py\", line 162, in __call__\n    await self.app(scope, receive, _send)\n  File \"/usr/local/lib/python3.12/site-packages/starlette/middleware/cors.py\", line 83, in __call__\n    await self.app(scope, receive, send)\n  File \"/usr/local/lib/python3.12/site-packages/starlette/middleware/exceptions.py\", line 79, in __call__\n    raise exc\n  File \"/usr/local/lib/python3.12/site-packages/starlette/middleware/exceptions.py\", line 68, in __call__\n    await self.app(scope, receive, sender)\n  File \"/usr/local/lib/python3.12/site-packages/fastapi/middleware/asyncexitstack.py\", line 20, in __call__\n    raise e\n  File \"/usr/local/lib/python3.12/site-packages/fastapi/middleware/asyncexitstack.py\", line 17, in __call__\n    await self.app(scope, receive, send)\n  File \"/usr/local/lib/python3.12/site-packages/starlette/routing.py\", line 718, in __call__\n    await route.handle(scope, receive, send)\n  File \"/usr/local/lib/python3.12/site-packages/starlette/routing.py\", line 276, in handle\n    await self.app(scope, receive, send)\n  File \"/usr/local/lib/python3.12/site-packages/starlette/routing.py\", line 66, in app\n    response = await func(request)\n               ^^^^^^^^^^^^^^^^^^^\n  File \"/usr/local/lib/python3.12/site-packages/fastapi/routing.py\", line 241, in app\n    raw_response = await run_endpoint_function(\n                   ^^^^^^^^^^^^^^^^^^^^^^^^^^^^\n  File \"/usr/local/lib/python3.12/site-packages/fastapi/routing.py\", line 167, in run_endpoint_function\n    return await dependant.call(**values)\n           ^^^^^^^^^^^^^^^^^^^^^^^^^^^^^^\n  File \"/api/backend/backend/app/controllers/agent_router.py\", line 48, in update_agent\n    updated_agent = await self.agent_service.update_agent(agent_id, agent_data, userAddress=user.address)\n                    ^^^^^^^^^^^^^^^^^^^^^^^^^^^^^^^^^^^^^^^^^^^^^^^^^^^^^^^^^^^^^^^^^^^^^^^^^^^^^^^^^^^^^\n  File \"/api/backend/backend/app/services/agent_service.py\", line 96, in update_agent\n    existing_agent = await self.agent_repository.modify_agent(agent_id, agent_data)\n                     ^^^^^^^^^^^^^^^^^^^^^^^^^^^^^^^^^^^^^^^^^^^^^^^^^^^^^^^^^^^^^^\n  File \"/api/backend/backend/app/repositories/agent_repository.py\", line 80, in modify_agent\n    updated_agent = await self.db.prisma.agent.update(where={\"id\": agent_id}, data=updated_data)\n                    ^^^^^^^^^^^^^^^^^^^^^^^^^^^^^^^^^^^^^^^^^^^^^^^^^^^^^^^^^^^^^^^^^^^^^^^^^^^^\n  File \"/usr/local/lib/python3.12/site-packages/prisma/actions.py\", line 666, in update\n    resp = await self._client._execute(\n           ^^^^^^^^^^^^^^^^^^^^^^^^^^^^\n  File \"/usr/local/lib/python3.12/site-packages/prisma/_base_client.py\", line 533, in _execute\n    return await self._engine.query(builder.build(), tx_id=self._tx_id)\n           ^^^^^^^^^^^^^^^^^^^^^^^^^^^^^^^^^^^^^^^^^^^^^^^^^^^^^^^^^^^^\n  File \"/usr/local/lib/python3.12/site-packages/prisma/engine/_query.py\", line 404, in query\n    return await self.request(\n           ^^^^^^^^^^^^^^^^^^^\n  File \"/usr/local/lib/python3.12/site-packages/prisma/engine/_http.py\", line 233, in request\n    return self._process_response_data(data=data, response=response)\n           ^^^^^^^^^^^^^^^^^^^^^^^^^^^^^^^^^^^^^^^^^^^^^^^^^^^^^^^^^\n  File \"/usr/local/lib/python3.12/site-packages/prisma/engine/_http.py\", line 87, in _process_response_data\n    return utils.handle_response_errors(response, errors_data)\n           ^^^^^^^^^^^^^^^^^^^^^^^^^^^^^^^^^^^^^^^^^^^^^^^^^^^\n  File \"/usr/local/lib/python3.12/site-packages/prisma/engine/utils.py\", line 163, in handle_response_errors\n    raise prisma_errors.MissingRequiredValueError(error)\nprisma.errors.MissingRequiredValueError: Unable to match input value to any allowed input type for the field. Parse errors: [Unable to match input value to any allowed input type for the field. Parse errors: [`data.instance`: A value is required but not set, `data.instance`: A value is required but not set], Unable to match input value to any allowed input type for the field. Parse errors: [`data.instance`: A value is required but not set, `data.instance`: A value is required but not set]]","time":{"start":1725963147604,"stop":1725963147604,"duration":0}},{"uid":"ef7cb48333c3e947","reportUrl":"https://cardanoapi.github.io/autonomous-agents/test_backend_allure_report/13//#testresult/ef7cb48333c3e947","status":"failed","statusDetails":"AssertionError: No successful 'voteEvent' log found | Failed Logs: None","time":{"start":1725950966849,"stop":1725950967072,"duration":223}},{"uid":"ba2829dfee8f19b6","reportUrl":"https://cardanoapi.github.io/autonomous-agents/test_backend_allure_report/12//#testresult/ba2829dfee8f19b6","status":"failed","statusDetails":"AssertionError: No successful 'voteEvent' log found | Failed Logs: None","time":{"start":1725869818628,"stop":1725869818851,"duration":223}}]},"tags":[]},"source":"862a4a22da1537fc.json","parameterValues":[]}