{"uid":"4b4757e66a1912dae1a509f688f20b0f","children":[{"name":"Product defects","children":[{"name":"AssertionError: Expected PUT /agents/32a5ddcb-4aec-4cae-898e-9ca7701cf69b to succeed but got statusCode: 500 : body: Traceback (most recent call last):\n  File \"/usr/local/lib/python3.12/site-packages/starlette/middleware/errors.py\", line 162, in __call__\n    await self.app(scope, receive, _send)\n  File \"/usr/local/lib/python3.12/site-packages/starlette/middleware/cors.py\", line 83, in __call__\n    await self.app(scope, receive, send)\n  File \"/usr/local/lib/python3.12/site-packages/starlette/middleware/exceptions.py\", line 79, in __call__\n    raise exc\n  File \"/usr/local/lib/python3.12/site-packages/starlette/middleware/exceptions.py\", line 68, in __call__\n    await self.app(scope, receive, sender)\n  File \"/usr/local/lib/python3.12/site-packages/fastapi/middleware/asyncexitstack.py\", line 20, in __call__\n    raise e\n  File \"/usr/local/lib/python3.12/site-packages/fastapi/middleware/asyncexitstack.py\", line 17, in __call__\n    await self.app(scope, receive, send)\n  File \"/usr/local/lib/python3.12/site-packages/starlette/routing.py\", line 718, in __call__\n    await route.handle(scope, receive, send)\n  File \"/usr/local/lib/python3.12/site-packages/starlette/routing.py\", line 276, in handle\n    await self.app(scope, receive, send)\n  File \"/usr/local/lib/python3.12/site-packages/starlette/routing.py\", line 66, in app\n    response = await func(request)\n               ^^^^^^^^^^^^^^^^^^^\n  File \"/usr/local/lib/python3.12/site-packages/fastapi/routing.py\", line 241, in app\n    raw_response = await run_endpoint_function(\n                   ^^^^^^^^^^^^^^^^^^^^^^^^^^^^\n  File \"/usr/local/lib/python3.12/site-packages/fastapi/routing.py\", line 167, in run_endpoint_function\n    return await dependant.call(**values)\n           ^^^^^^^^^^^^^^^^^^^^^^^^^^^^^^\n  File \"/api/backend/backend/app/controllers/agent_router.py\", line 48, in update_agent\n    updated_agent = await self.agent_service.update_agent(agent_id, agent_data, userAddress=user.address)\n                    ^^^^^^^^^^^^^^^^^^^^^^^^^^^^^^^^^^^^^^^^^^^^^^^^^^^^^^^^^^^^^^^^^^^^^^^^^^^^^^^^^^^^^\n  File \"/api/backend/backend/app/services/agent_service.py\", line 96, in update_agent\n    existing_agent = await self.agent_repository.modify_agent(agent_id, agent_data)\n                     ^^^^^^^^^^^^^^^^^^^^^^^^^^^^^^^^^^^^^^^^^^^^^^^^^^^^^^^^^^^^^^\n  File \"/api/backend/backend/app/repositories/agent_repository.py\", line 80, in modify_agent\n    updated_agent = await self.db.prisma.agent.update(where={\"id\": agent_id}, data=updated_data)\n                    ^^^^^^^^^^^^^^^^^^^^^^^^^^^^^^^^^^^^^^^^^^^^^^^^^^^^^^^^^^^^^^^^^^^^^^^^^^^^\n  File \"/usr/local/lib/python3.12/site-packages/prisma/actions.py\", line 666, in update\n    resp = await self._client._execute(\n           ^^^^^^^^^^^^^^^^^^^^^^^^^^^^\n  File \"/usr/local/lib/python3.12/site-packages/prisma/_base_client.py\", line 533, in _execute\n    return await self._engine.query(builder.build(), tx_id=self._tx_id)\n           ^^^^^^^^^^^^^^^^^^^^^^^^^^^^^^^^^^^^^^^^^^^^^^^^^^^^^^^^^^^^\n  File \"/usr/local/lib/python3.12/site-packages/prisma/engine/_query.py\", line 404, in query\n    return await self.request(\n           ^^^^^^^^^^^^^^^^^^^\n  File \"/usr/local/lib/python3.12/site-packages/prisma/engine/_http.py\", line 233, in request\n    return self._process_response_data(data=data, response=response)\n           ^^^^^^^^^^^^^^^^^^^^^^^^^^^^^^^^^^^^^^^^^^^^^^^^^^^^^^^^^\n  File \"/usr/local/lib/python3.12/site-packages/prisma/engine/_http.py\", line 87, in _process_response_data\n    return utils.handle_response_errors(response, errors_data)\n           ^^^^^^^^^^^^^^^^^^^^^^^^^^^^^^^^^^^^^^^^^^^^^^^^^^^\n  File \"/usr/local/lib/python3.12/site-packages/prisma/engine/utils.py\", line 163, in handle_response_errors\n    raise prisma_errors.MissingRequiredValueError(error)\nprisma.errors.MissingRequiredValueError: Unable to match input value to any allowed input type for the field. Parse errors: [Unable to match input value to any allowed input type for the field. Parse errors: [`data.instance`: A value is required but not set, `data.instance`: A value is required but not set], Unable to match input value to any allowed input type for the field. Parse errors: [`data.instance`: A value is required but not set, `data.instance`: A value is required but not set]]","children":[{"name":"Test Admin Agent Edit","uid":"b23c5e072f125248","parentUid":"483fddfc5957a173fe749849cc1cee48","status":"failed","time":{"start":1725963147302,"stop":1725963147302,"duration":0},"flaky":false,"newFailed":true,"newPassed":false,"newBroken":false,"retriesCount":0,"retriesStatusChange":false,"parameters":[],"tags":[]},{"name":"Test Delete Admin Agent","uid":"77598ddf2a135c1b","parentUid":"483fddfc5957a173fe749849cc1cee48","status":"failed","time":{"start":1725963147569,"stop":1725963147569,"duration":0},"flaky":false,"newFailed":true,"newPassed":false,"newBroken":false,"retriesCount":0,"retriesStatusChange":false,"parameters":[],"tags":[]},{"name":"Test Cron Transfer ADA Logs","uid":"c71b328113096ba4","parentUid":"483fddfc5957a173fe749849cc1cee48","status":"failed","time":{"start":1725963147581,"stop":1725963147581,"duration":0},"flaky":true,"newFailed":false,"newPassed":false,"newBroken":false,"retriesCount":0,"retriesStatusChange":false,"parameters":[],"tags":[]},{"name":"Test Manual Info Action Proposal Logs","uid":"fd98a1b7aa39bb10","parentUid":"483fddfc5957a173fe749849cc1cee48","status":"failed","time":{"start":1725963147593,"stop":1725963147593,"duration":0},"flaky":false,"newFailed":false,"newPassed":false,"newBroken":false,"retriesCount":0,"retriesStatusChange":false,"parameters":[],"tags":[]},{"name":"Test Event Vote Logs","uid":"3da4c1c53b724e31","parentUid":"483fddfc5957a173fe749849cc1cee48","status":"failed","time":{"start":1725963147604,"stop":1725963147604,"duration":0},"flaky":false,"newFailed":false,"newPassed":false,"newBroken":false,"retriesCount":0,"retriesStatusChange":false,"parameters":[],"tags":[]},{"name":"Test Template Delete","uid":"490f08c64ae3e843","parentUid":"483fddfc5957a173fe749849cc1cee48","status":"failed","time":{"start":1725963148568,"stop":1725963148568,"duration":0},"flaky":false,"newFailed":true,"newPassed":false,"newBroken":false,"retriesCount":0,"retriesStatusChange":false,"parameters":[],"tags":[]}],"uid":"483fddfc5957a173fe749849cc1cee48"}],"uid":"8fb3a91ba5aaf9de24cc8a92edc82b5d"}],"name":"categories"}